2024-10-29 15:16:45 WARN main - Ignore transforming class for className is null loader:sun.misc.Launcher$ExtClassLoader@3108bc 
2024-10-29 15:16:45 WARN main - Ignore transforming class for className is null loader:sun.misc.Launcher$ExtClassLoader@3108bc 
2024-10-29 15:16:45 WARN main - Ignore transforming class for className is null loader:sun.misc.Launcher$ExtClassLoader@3108bc 
2024-10-29 15:16:45 WARN main - Ignore transforming class for className is null loader:sun.misc.Launcher$ExtClassLoader@3108bc 
2024-10-29 15:16:45 WARN main - Ignore transforming class for className is null loader:sun.misc.Launcher$ExtClassLoader@3108bc 
2024-10-29 15:16:45 WARN main - Ignore transforming class for className is null loader:sun.misc.Launcher$ExtClassLoader@3108bc 
2024-10-29 15:16:45 WARN main - Ignore transforming class for className is null loader:sun.misc.Launcher$ExtClassLoader@3108bc 
2024-10-29 15:16:45 WARN main - Ignore transforming class for className is null loader:sun.misc.Launcher$ExtClassLoader@3108bc 
2024-10-29 15:16:45 WARN main - Ignore transforming class for className is null loader:sun.misc.Launcher$ExtClassLoader@3108bc 
2024-10-29 15:16:45 WARN main - Ignore transforming class for className is null loader:sun.misc.Launcher$ExtClassLoader@3108bc 
2024-10-29 15:16:45 WARN main - Ignore transforming class for className is null loader:sun.misc.Launcher$ExtClassLoader@3108bc 
2024-10-29 15:16:45 WARN main - Ignore transforming class for className is null loader:sun.misc.Launcher$ExtClassLoader@3108bc 
2024-10-29 15:16:45 WARN main - Ignore transforming class for className is null loader:sun.misc.Launcher$ExtClassLoader@3108bc 
2024-10-29 15:16:45 WARN main - Ignore transforming class for className is null loader:sun.misc.Launcher$ExtClassLoader@3108bc 
2024-10-29 15:16:45 WARN main - Ignore transforming class for className is null loader:sun.misc.Launcher$ExtClassLoader@3108bc 
2024-10-29 15:16:45 WARN main - Ignore transforming class for className is null loader:sun.misc.Launcher$ExtClassLoader@3108bc 
2024-10-29 15:16:45 WARN main - Ignore transforming class for className is null loader:sun.misc.Launcher$ExtClassLoader@3108bc 
2024-10-29 15:16:45 WARN main - Ignore transforming class for className is null loader:sun.misc.Launcher$ExtClassLoader@3108bc 
2024-10-29 15:16:45 WARN main - Ignore transforming class for className is null loader:sun.misc.Launcher$ExtClassLoader@3108bc 
2024-10-29 15:16:45 WARN main - Ignore transforming class for className is null loader:sun.misc.Launcher$ExtClassLoader@3108bc 
2024-10-29 15:16:45 WARN main - Ignore transforming class for className is null loader:sun.misc.Launcher$ExtClassLoader@3108bc 
2024-10-29 15:16:45 WARN main - Ignore transforming class for className is null loader:sun.misc.Launcher$ExtClassLoader@3108bc 
2024-10-29 15:16:45 WARN main - Ignore transforming class for className is null loader:sun.misc.Launcher$ExtClassLoader@3108bc 
2024-10-29 15:16:45 WARN main - Ignore transforming class for className is null loader:null 
2024-10-29 15:16:45 WARN main - Ignore transforming class for className is null loader:sun.misc.Launcher$ExtClassLoader@3108bc 
2024-10-29 15:16:45 WARN QuantumRenderer-0 - Ignore transforming class for className is null loader:sun.misc.Launcher$ExtClassLoader@3108bc 
2024-10-29 15:16:45 WARN QuantumRenderer-0 - Ignore transforming class for className is null loader:sun.misc.Launcher$ExtClassLoader@3108bc 
2024-10-29 15:16:45 WARN main - Ignore transforming class for className is null loader:null 
2024-10-29 15:16:45 WARN main - Ignore transforming class for className is null loader:null 
2024-10-29 15:16:45 WARN main - Ignore transforming class for className is null loader:sun.misc.Launcher$ExtClassLoader@3108bc 
2024-10-29 15:16:45 WARN main - Ignore transforming class for className is null loader:sun.misc.Launcher$ExtClassLoader@3108bc 
2024-10-29 15:16:45 WARN main - Ignore transforming class for className is null loader:sun.misc.Launcher$ExtClassLoader@3108bc 
2024-10-29 15:16:45 WARN main - Ignore transforming class for className is null loader:null 
2024-10-29 15:16:45 WARN main - Ignore transforming class for className is null loader:sun.misc.Launcher$ExtClassLoader@3108bc 
2024-10-29 15:16:45 WARN main - Ignore transforming class for className is null loader:sun.misc.Launcher$ExtClassLoader@3108bc 
2024-10-29 15:16:45 WARN main - Ignore transforming class for className is null loader:sun.misc.Launcher$ExtClassLoader@3108bc 
2024-10-29 15:16:45 WARN main - Ignore transforming class for className is null loader:sun.misc.Launcher$ExtClassLoader@3108bc 
2024-10-29 15:16:45 WARN main - Ignore transforming class for className is null loader:sun.misc.Launcher$ExtClassLoader@3108bc 
2024-10-29 15:16:45 WARN main - Ignore transforming class for className is null loader:sun.misc.Launcher$ExtClassLoader@3108bc 
2024-10-29 15:16:45 WARN main - Ignore transforming class for className is null loader:null 
2024-10-29 15:16:45 WARN main - Ignore transforming class for className is null loader:sun.misc.Launcher$ExtClassLoader@3108bc 
2024-10-29 15:16:45 WARN main - Ignore transforming class for className is null loader:null 
2024-10-29 15:16:45 WARN main - Ignore transforming class for className is null loader:null 
2024-10-29 15:16:45 WARN main - Ignore transforming class for className is null loader:null 
2024-10-29 15:16:45 WARN main - Ignore transforming class for className is null loader:null 
2024-10-29 15:16:45 WARN main - Ignore transforming class for className is null loader:sun.misc.Launcher$ExtClassLoader@3108bc 
2024-10-29 15:16:45 WARN WindowsNativeRunloopThread - Ignore transforming class for className is null loader:sun.misc.Launcher$ExtClassLoader@3108bc 
2024-10-29 15:16:45 WARN JavaFX Application Thread - Ignore transforming class for className is null loader:sun.misc.Launcher$ExtClassLoader@3108bc 
2024-10-29 15:16:45 WARN JavaFX Application Thread - Ignore transforming class for className is null loader:null 
2024-10-29 15:16:45 WARN JavaFX Application Thread - Ignore transforming class for className is null loader:sun.misc.Launcher$ExtClassLoader@3108bc 
2024-10-29 15:16:45 WARN JavaFX Application Thread - Ignore transforming class for className is null loader:sun.misc.Launcher$ExtClassLoader@3108bc 
2024-10-29 15:16:45 WARN JavaFX Application Thread - Ignore transforming class for className is null loader:sun.misc.Launcher$ExtClassLoader@3108bc 
2024-10-29 15:16:45 WARN JavaFX Application Thread - Ignore transforming class for className is null loader:sun.misc.Launcher$ExtClassLoader@3108bc 
2024-10-29 15:16:45 WARN JavaFX Application Thread - Ignore transforming class for className is null loader:null 
2024-10-29 15:16:45 WARN JavaFX Application Thread - Ignore transforming class for className is null loader:sun.misc.Launcher$ExtClassLoader@3108bc 
2024-10-29 15:16:45 WARN main - Ignore transforming class for className is null loader:null 
2024-10-29 15:16:45 WARN main - Ignore transforming class for className is null loader:sun.misc.Launcher$ExtClassLoader@3108bc 
2024-10-29 15:16:45 WARN main - Ignore transforming class for className is null loader:null 
2024-10-29 15:16:45 WARN JavaFX Application Thread - Ignore transforming class for className is null loader:null 
2024-10-29 15:16:45 WARN main - Ignore transforming class for className is null loader:sun.misc.Launcher$ExtClassLoader@3108bc 
2024-10-29 15:16:45 WARN JavaFX Application Thread - Ignore transforming class for className is null loader:sun.misc.Launcher$ExtClassLoader@3108bc 
2024-10-29 15:16:45 WARN main - Ignore transforming class for className is null loader:sun.misc.Launcher$ExtClassLoader@3108bc 
2024-10-29 15:16:45 WARN JavaFX Application Thread - Ignore transforming class for className is null loader:sun.misc.Launcher$ExtClassLoader@3108bc 
2024-10-29 15:16:45 WARN JavaFX Application Thread - Ignore transforming class for className is null loader:null 
2024-10-29 15:16:45 WARN JavaFX Application Thread - Ignore transforming class for className is null loader:null 
2024-10-29 15:16:45 WARN JavaFX Application Thread - Ignore transforming class for className is null loader:null 
2024-10-29 15:16:45 WARN JavaFX Application Thread - Ignore transforming class for className is null loader:null 
2024-10-29 15:16:45 WARN JavaFX Application Thread - Ignore transforming class for className is null loader:null 
2024-10-29 15:16:45 WARN JavaFX Application Thread - Ignore transforming class for className is null loader:null 
2024-10-29 15:16:45 WARN JavaFX Application Thread - Ignore transforming class for className is null loader:null 
2024-10-29 15:16:45 WARN JavaFX Application Thread - Ignore transforming class for className is null loader:null 
2024-10-29 15:16:45 WARN JavaFX Application Thread - Ignore transforming class for className is null loader:null 
2024-10-29 15:16:45 WARN JavaFX Application Thread - Ignore transforming class for className is null loader:null 
2024-10-29 15:16:45 WARN JavaFX Application Thread - Ignore transforming class for className is null loader:null 
2024-10-29 15:16:45 WARN JavaFX Application Thread - Ignore transforming class for className is null loader:null 
2024-10-29 15:16:45 WARN JavaFX Application Thread - Ignore transforming class for className is null loader:null 
2024-10-29 15:16:45 WARN JavaFX Application Thread - Ignore transforming class for className is null loader:null 
2024-10-29 15:16:45 WARN JavaFX Application Thread - Ignore transforming class for className is null loader:null 
2024-10-29 15:16:45 WARN JavaFX Application Thread - Ignore transforming class for className is null loader:null 
2024-10-29 15:16:45 WARN JavaFX Application Thread - Ignore transforming class for className is null loader:null 
2024-10-29 15:16:45 WARN JavaFX Application Thread - Ignore transforming class for className is null loader:null 
2024-10-29 15:16:45 WARN JavaFX Application Thread - Ignore transforming class for className is null loader:null 
2024-10-29 15:16:45 WARN JavaFX Application Thread - Ignore transforming class for className is null loader:null 
2024-10-29 15:16:45 WARN JavaFX Application Thread - Ignore transforming class for className is null loader:null 
2024-10-29 15:16:45 WARN JavaFX Application Thread - Ignore transforming class for className is null loader:null 
2024-10-29 15:16:45 WARN JavaFX Application Thread - Ignore transforming class for className is null loader:null 
2024-10-29 15:16:45 WARN main - Ignore transforming class for className is null loader:null 
2024-10-29 15:16:45 WARN main - Ignore transforming class for className is null loader:null 
2024-10-29 15:16:45 WARN main - Ignore transforming class for className is null loader:null 
2024-10-29 15:16:45 WARN AWT-Windows - Ignore transforming class for className is null loader:null 
2024-10-29 15:16:45 WARN AWT-Windows - Ignore transforming class for className is null loader:null 
2024-10-29 15:16:45 WARN AWT-Windows - Ignore transforming class for className is null loader:null 
2024-10-29 15:16:45 WARN main - Ignore transforming class for className is null loader:sun.misc.Launcher$ExtClassLoader@3108bc 
2024-10-29 15:16:45 WARN main - Ignore transforming class for className is null loader:null 
2024-10-29 15:16:45 WARN main - Ignore transforming class for className is null loader:sun.misc.Launcher$ExtClassLoader@3108bc 
2024-10-29 15:16:45 WARN main - Ignore transforming class for className is null loader:null 
2024-10-29 15:16:45 WARN JavaFX-Launcher - Ignore transforming class for className is null loader:sun.misc.Launcher$ExtClassLoader@3108bc 
2024-10-29 15:16:45 WARN JavaFX Application Thread - Ignore transforming class for className is null loader:sun.misc.Launcher$ExtClassLoader@3108bc 
2024-10-29 15:16:45 WARN JavaFX-Launcher - Ignore transforming class for className is null loader:sun.misc.Launcher$AppClassLoader@18b4aac2 
2024-10-29 15:16:45 WARN JavaFX-Launcher - Ignore transforming class for className is null loader:null 
2024-10-29 15:16:45 WARN JavaFX-Launcher - Ignore transforming class for className is null loader:sun.misc.Launcher$AppClassLoader@18b4aac2 
2024-10-29 15:16:45 WARN JavaFX-Launcher - Ignore transforming class for className is null loader:sun.misc.Launcher$AppClassLoader@18b4aac2 
2024-10-29 15:16:45 WARN JavaFX-Launcher - Ignore transforming class for className is null loader:sun.misc.Launcher$ExtClassLoader@3108bc 
2024-10-29 15:16:45 WARN JavaFX Application Thread - Ignore transforming class for className is null loader:sun.misc.Launcher$ExtClassLoader@3108bc 
2024-10-29 15:16:45 WARN ForkJoinPool.commonPool-worker-25 - Ignore transforming class for className is null loader:sun.misc.Launcher$AppClassLoader@18b4aac2 
2024-10-29 15:16:45 WARN ForkJoinPool.commonPool-worker-25 - Ignore transforming class for className is null loader:null 
2024-10-29 15:16:45 WARN ForkJoinPool.commonPool-worker-25 - Ignore transforming class for className is null loader:null 
2024-10-29 15:16:45 WARN ForkJoinPool.commonPool-worker-25 - Ignore transforming class for className is null loader:sun.misc.Launcher$AppClassLoader@18b4aac2 
2024-10-29 15:16:45 WARN ForkJoinPool.commonPool-worker-25 - Ignore transforming class for className is null loader:sun.misc.Launcher$AppClassLoader@18b4aac2 
2024-10-29 15:16:45 WARN ForkJoinPool.commonPool-worker-25 - Ignore transforming class for className is null loader:sun.misc.Launcher$AppClassLoader@18b4aac2 
2024-10-29 15:16:45 WARN ForkJoinPool.commonPool-worker-25 - Ignore transforming class for className is null loader:null 
2024-10-29 15:16:45 WARN ForkJoinPool.commonPool-worker-25 - Ignore transforming class for className is null loader:sun.misc.Launcher$AppClassLoader@18b4aac2 
2024-10-29 15:16:45 WARN ForkJoinPool.commonPool-worker-25 - Ignore transforming class for className is null loader:sun.misc.Launcher$AppClassLoader@18b4aac2 
2024-10-29 15:16:45 WARN ForkJoinPool.commonPool-worker-25 - Ignore transforming class for className is null loader:sun.misc.Launcher$AppClassLoader@18b4aac2 
2024-10-29 15:16:45 WARN ForkJoinPool.commonPool-worker-25 - Ignore transforming class for className is null loader:null 
2024-10-29 15:16:45 WARN ForkJoinPool.commonPool-worker-25 - Ignore transforming class for className is null loader:null 
2024-10-29 15:16:45 WARN ForkJoinPool.commonPool-worker-25 - Ignore transforming class for className is null loader:null 
2024-10-29 15:16:45 WARN ForkJoinPool.commonPool-worker-25 - Ignore transforming class for className is null loader:null 
2024-10-29 15:16:45 WARN ForkJoinPool.commonPool-worker-25 - Ignore transforming class for className is null loader:sun.misc.Launcher$AppClassLoader@18b4aac2 
2024-10-29 15:16:45 WARN background-preinit - Ignore transforming class for className is null loader:sun.misc.Launcher$AppClassLoader@18b4aac2 
2024-10-29 15:16:45 WARN ForkJoinPool.commonPool-worker-25 - Ignore transforming class for className is null loader:sun.misc.Launcher$AppClassLoader@18b4aac2 
2024-10-29 15:16:45 WARN background-preinit - Ignore transforming class for className is null loader:null 
2024-10-29 15:16:45 WARN background-preinit - Ignore transforming class for className is null loader:null 
2024-10-29 15:16:45 WARN background-preinit - Ignore transforming class for className is null loader:null 
2024-10-29 15:16:45 WARN background-preinit - Ignore transforming class for className is null loader:null 
2024-10-29 15:16:45 WARN background-preinit - Ignore transforming class for className is null loader:null 
2024-10-29 15:16:45 WARN background-preinit - Ignore transforming class for className is null loader:null 
2024-10-29 15:16:46 WARN ForkJoinPool.commonPool-worker-25 - Ignore transforming class for className is null loader:sun.misc.Launcher$AppClassLoader@18b4aac2 
2024-10-29 15:16:46 WARN ForkJoinPool.commonPool-worker-25 - Ignore transforming class for className is null loader:sun.misc.Launcher$AppClassLoader@18b4aac2 
2024-10-29 15:16:46 WARN ForkJoinPool.commonPool-worker-25 - Ignore transforming class for className is null loader:sun.misc.Launcher$AppClassLoader@18b4aac2 
2024-10-29 15:16:46 WARN ForkJoinPool.commonPool-worker-25 - Ignore transforming class for className is null loader:null 
2024-10-29 15:16:46 WARN ForkJoinPool.commonPool-worker-25 - Ignore transforming class for className is null loader:sun.misc.Launcher$AppClassLoader@18b4aac2 
2024-10-29 15:16:46 WARN ForkJoinPool.commonPool-worker-25 - Ignore transforming class for className is null loader:sun.misc.Launcher$AppClassLoader@18b4aac2 
2024-10-29 15:16:46 WARN ForkJoinPool.commonPool-worker-25 - Ignore transforming class for className is null loader:sun.misc.Launcher$AppClassLoader@18b4aac2 
2024-10-29 15:16:46 WARN ForkJoinPool.commonPool-worker-25 - Ignore transforming class for className is null loader:null 
2024-10-29 15:16:46 WARN ForkJoinPool.commonPool-worker-25 - Ignore transforming class for className is null loader:sun.misc.Launcher$AppClassLoader@18b4aac2 
2024-10-29 15:16:46 WARN ForkJoinPool.commonPool-worker-25 - Ignore transforming class for className is null loader:null 
2024-10-29 15:16:46 WARN ForkJoinPool.commonPool-worker-25 - Ignore transforming class for className is null loader:sun.misc.Launcher$AppClassLoader@18b4aac2 
2024-10-29 15:16:46 WARN ForkJoinPool.commonPool-worker-25 - Ignore transforming class for className is null loader:null 
2024-10-29 15:16:46 WARN ForkJoinPool.commonPool-worker-25 - Ignore transforming class for className is null loader:sun.misc.Launcher$AppClassLoader@18b4aac2 
2024-10-29 15:16:46 WARN ForkJoinPool.commonPool-worker-25 - Ignore transforming class for className is null loader:null 
2024-10-29 15:16:46 WARN ForkJoinPool.commonPool-worker-25 - Ignore transforming class for className is null loader:sun.misc.Launcher$AppClassLoader@18b4aac2 
2024-10-29 15:16:46 WARN ForkJoinPool.commonPool-worker-25 - Ignore transforming class for className is null loader:null 
2024-10-29 15:16:46 WARN ForkJoinPool.commonPool-worker-25 - Ignore transforming class for className is null loader:sun.misc.Launcher$AppClassLoader@18b4aac2 
2024-10-29 15:16:46 WARN ForkJoinPool.commonPool-worker-25 - Ignore transforming class for className is null loader:null 
2024-10-29 15:16:46 WARN ForkJoinPool.commonPool-worker-25 - Ignore transforming class for className is null loader:sun.misc.Launcher$AppClassLoader@18b4aac2 
2024-10-29 15:16:46 WARN JavaFX Application Thread - Ignore transforming class for className is null loader:sun.misc.Launcher$AppClassLoader@18b4aac2 
2024-10-29 15:16:46 WARN JavaFX Application Thread - Ignore transforming class for className is null loader:sun.misc.Launcher$AppClassLoader@18b4aac2 
2024-10-29 15:16:46 WARN JavaFX Application Thread - Ignore transforming class for className is null loader:sun.misc.Launcher$ExtClassLoader@3108bc 
2024-10-29 15:16:46 WARN JavaFX Application Thread - Ignore transforming class for className is null loader:sun.misc.Launcher$ExtClassLoader@3108bc 
2024-10-29 15:16:46 WARN ForkJoinPool.commonPool-worker-25 - Ignore transforming class for className is null loader:sun.misc.Launcher$AppClassLoader@18b4aac2 
2024-10-29 15:16:46 WARN ForkJoinPool.commonPool-worker-25 - Ignore transforming class for className is null loader:sun.misc.Launcher$AppClassLoader@18b4aac2 
2024-10-29 15:16:46 WARN ForkJoinPool.commonPool-worker-25 - Ignore transforming class for className is null loader:sun.misc.Launcher$AppClassLoader@18b4aac2 
2024-10-29 15:16:46 WARN ForkJoinPool.commonPool-worker-25 - Ignore transforming class for className is null loader:sun.misc.Launcher$AppClassLoader@18b4aac2 
2024-10-29 15:16:46 WARN ForkJoinPool.commonPool-worker-25 - Ignore transforming class for className is null loader:sun.misc.Launcher$AppClassLoader@18b4aac2 
2024-10-29 15:16:46 WARN JavaFX Application Thread - Ignore transforming class for className is null loader:null 
2024-10-29 15:16:46 WARN JavaFX Application Thread - Ignore transforming class for className is null loader:sun.misc.Launcher$ExtClassLoader@3108bc 
2024-10-29 15:16:46 WARN ForkJoinPool.commonPool-worker-25 - Ignore transforming class for className is null loader:null 
2024-10-29 15:16:46 WARN ForkJoinPool.commonPool-worker-25 - Ignore transforming class for className is null loader:null 
2024-10-29 15:16:46 WARN ForkJoinPool.commonPool-worker-25 - Ignore transforming class for className is null loader:sun.misc.Launcher$AppClassLoader@18b4aac2 
2024-10-29 15:16:46 WARN ForkJoinPool.commonPool-worker-25 - Ignore transforming class for className is null loader:sun.misc.Launcher$AppClassLoader@18b4aac2 
2024-10-29 15:16:46 WARN ForkJoinPool.commonPool-worker-25 - Ignore transforming class for className is null loader:sun.misc.Launcher$AppClassLoader@18b4aac2 
2024-10-29 15:16:46 WARN ForkJoinPool.commonPool-worker-25 - Ignore transforming class for className is null loader:sun.misc.Launcher$AppClassLoader@18b4aac2 
2024-10-29 15:16:46 WARN JavaFX Application Thread - Ignore transforming class for className is null loader:sun.misc.Launcher$ExtClassLoader@3108bc 
2024-10-29 15:16:46 WARN JavaFX Application Thread - Ignore transforming class for className is null loader:sun.misc.Launcher$ExtClassLoader@3108bc 
2024-10-29 15:16:46 WARN ForkJoinPool.commonPool-worker-25 - Ignore transforming class for className is null loader:sun.misc.Launcher$AppClassLoader@18b4aac2 
2024-10-29 15:16:46 WARN ForkJoinPool.commonPool-worker-25 - Ignore transforming class for className is null loader:sun.misc.Launcher$AppClassLoader@18b4aac2 
2024-10-29 15:16:46 WARN ForkJoinPool.commonPool-worker-25 - Ignore transforming class for className is null loader:null 
2024-10-29 15:16:46 WARN ForkJoinPool.commonPool-worker-25 - Ignore transforming class for className is null loader:sun.misc.Launcher$AppClassLoader@18b4aac2 
2024-10-29 15:16:46 WARN ForkJoinPool.commonPool-worker-25 - Ignore transforming class for className is null loader:sun.misc.Launcher$AppClassLoader@18b4aac2 
2024-10-29 15:16:46 WARN ForkJoinPool.commonPool-worker-25 - Ignore transforming class for className is null loader:sun.misc.Launcher$AppClassLoader@18b4aac2 
2024-10-29 15:16:46 WARN ForkJoinPool.commonPool-worker-25 - Ignore transforming class for className is null loader:sun.misc.Launcher$AppClassLoader@18b4aac2 
2024-10-29 15:16:46 WARN ForkJoinPool.commonPool-worker-25 - Ignore transforming class for className is null loader:sun.misc.Launcher$AppClassLoader@18b4aac2 
2024-10-29 15:16:46 WARN ForkJoinPool.commonPool-worker-25 - Ignore transforming class for className is null loader:sun.misc.Launcher$AppClassLoader@18b4aac2 
2024-10-29 15:16:46 WARN ForkJoinPool.commonPool-worker-25 - Ignore transforming class for className is null loader:null 
2024-10-29 15:16:46 WARN ForkJoinPool.commonPool-worker-25 - Ignore transforming class for className is null loader:null 
2024-10-29 15:16:46 WARN ForkJoinPool.commonPool-worker-25 - Ignore transforming class for className is null loader:sun.misc.Launcher$AppClassLoader@18b4aac2 
2024-10-29 15:16:46 WARN ForkJoinPool.commonPool-worker-25 - Ignore transforming class for className is null loader:null 
2024-10-29 15:16:46 WARN ForkJoinPool.commonPool-worker-25 - Ignore transforming class for className is null loader:sun.misc.Launcher$AppClassLoader@18b4aac2 
2024-10-29 15:16:46 WARN ForkJoinPool.commonPool-worker-25 - Ignore transforming class for className is null loader:null 
2024-10-29 15:16:46 WARN ForkJoinPool.commonPool-worker-25 - Ignore transforming class for className is null loader:sun.misc.Launcher$AppClassLoader@18b4aac2 
2024-10-29 15:16:46 WARN ForkJoinPool.commonPool-worker-25 - Ignore transforming class for className is null loader:sun.misc.Launcher$AppClassLoader@18b4aac2 
2024-10-29 15:16:46 WARN JavaFX Application Thread - Ignore transforming class for className is null loader:sun.misc.Launcher$ExtClassLoader@3108bc 
2024-10-29 15:16:46 WARN JavaFX Application Thread - Ignore transforming class for className is null loader:sun.misc.Launcher$ExtClassLoader@3108bc 
2024-10-29 15:16:46 WARN JavaFX Application Thread - Ignore transforming class for className is null loader:sun.misc.Launcher$ExtClassLoader@3108bc 
2024-10-29 15:16:46 WARN JavaFX Application Thread - Ignore transforming class for className is null loader:sun.misc.Launcher$ExtClassLoader@3108bc 
2024-10-29 15:16:46 WARN JavaFX Application Thread - Ignore transforming class for className is null loader:sun.misc.Launcher$ExtClassLoader@3108bc 
2024-10-29 15:16:46 WARN ForkJoinPool.commonPool-worker-25 - Ignore transforming class for className is null loader:sun.misc.Launcher$AppClassLoader@18b4aac2 
2024-10-29 15:16:46 WARN ForkJoinPool.commonPool-worker-25 - Ignore transforming class for className is null loader:sun.misc.Launcher$AppClassLoader@18b4aac2 
2024-10-29 15:16:46 WARN ForkJoinPool.commonPool-worker-25 - Ignore transforming class for className is null loader:sun.misc.Launcher$AppClassLoader@18b4aac2 
2024-10-29 15:16:46 WARN ForkJoinPool.commonPool-worker-25 - Ignore transforming class for className is null loader:sun.misc.Launcher$AppClassLoader@18b4aac2 
2024-10-29 15:16:46 WARN ForkJoinPool.commonPool-worker-25 - Ignore transforming class for className is null loader:sun.misc.Launcher$AppClassLoader@18b4aac2 
2024-10-29 15:16:46 WARN ForkJoinPool.commonPool-worker-25 - Ignore transforming class for className is null loader:sun.misc.Launcher$AppClassLoader@18b4aac2 
2024-10-29 15:16:46 WARN ForkJoinPool.commonPool-worker-25 - Ignore transforming class for className is null loader:null 
2024-10-29 15:16:46 WARN ForkJoinPool.commonPool-worker-25 - Ignore transforming class for className is null loader:null 
2024-10-29 15:16:46 WARN ForkJoinPool.commonPool-worker-25 - Ignore transforming class for className is null loader:null 
2024-10-29 15:16:46 WARN ForkJoinPool.commonPool-worker-25 - Ignore transforming class for className is null loader:sun.misc.Launcher$AppClassLoader@18b4aac2 
2024-10-29 15:16:46 WARN JavaFX Application Thread - Ignore transforming class for className is null loader:sun.misc.Launcher$ExtClassLoader@3108bc 
2024-10-29 15:16:46 WARN JavaFX Application Thread - Ignore transforming class for className is null loader:sun.misc.Launcher$ExtClassLoader@3108bc 
2024-10-29 15:16:46 WARN JavaFX Application Thread - Ignore transforming class for className is null loader:sun.misc.Launcher$ExtClassLoader@3108bc 
2024-10-29 15:16:46 WARN ForkJoinPool.commonPool-worker-25 - Ignore transforming class for className is null loader:sun.misc.Launcher$AppClassLoader@18b4aac2 
2024-10-29 15:16:46 WARN ForkJoinPool.commonPool-worker-25 - Ignore transforming class for className is null loader:sun.misc.Launcher$AppClassLoader@18b4aac2 
2024-10-29 15:16:46 WARN ForkJoinPool.commonPool-worker-25 - Ignore transforming class for className is null loader:null 
2024-10-29 15:16:46 WARN ForkJoinPool.commonPool-worker-25 - Ignore transforming class for className is null loader:null 
2024-10-29 15:16:46 WARN ForkJoinPool.commonPool-worker-25 - Ignore transforming class for className is null loader:null 
2024-10-29 15:16:46 WARN ForkJoinPool.commonPool-worker-25 - Ignore transforming class for className is null loader:sun.misc.Launcher$AppClassLoader@18b4aac2 
2024-10-29 15:16:46 WARN ForkJoinPool.commonPool-worker-25 - Ignore transforming class for className is null loader:sun.misc.Launcher$AppClassLoader@18b4aac2 
2024-10-29 15:16:46 WARN JavaFX Application Thread - Ignore transforming class for className is null loader:sun.misc.Launcher$ExtClassLoader@3108bc 
2024-10-29 15:16:46 WARN JavaFX Application Thread - Ignore transforming class for className is null loader:sun.misc.Launcher$ExtClassLoader@3108bc 
2024-10-29 15:16:46 WARN XCodeMap-Transform-0 - Ignore transforming class for className is null loader:null 
2024-10-29 15:16:46 WARN JavaFX Application Thread - Ignore transforming class for className is null loader:sun.misc.Launcher$ExtClassLoader@3108bc 
2024-10-29 15:16:46 WARN XCodeMap-Transform-0 - Ignore transforming class for className is null loader:null 
2024-10-29 15:16:46 WARN XCodeMap-Transform-0 - Ignore transforming class for className is null loader:null 
2024-10-29 15:16:46 WARN JavaFX Application Thread - Ignore transforming class for className is null loader:sun.misc.Launcher$ExtClassLoader@3108bc 
2024-10-29 15:16:46 WARN JavaFX Application Thread - Ignore transforming class for className is null loader:sun.misc.Launcher$ExtClassLoader@3108bc 
2024-10-29 15:16:46 WARN JavaFX Application Thread - Ignore transforming class for className is null loader:sun.misc.Launcher$ExtClassLoader@3108bc 
2024-10-29 15:16:46 WARN JavaFX Application Thread - Ignore transforming class for className is null loader:sun.misc.Launcher$ExtClassLoader@3108bc 
2024-10-29 15:16:46 WARN JavaFX Application Thread - Ignore transforming class for className is null loader:sun.misc.Launcher$ExtClassLoader@3108bc 
2024-10-29 15:16:46 WARN JavaFX Application Thread - Ignore transforming class for className is null loader:sun.misc.Launcher$ExtClassLoader@3108bc 
2024-10-29 15:16:46 WARN JavaFX Application Thread - Ignore transforming class for className is null loader:sun.misc.Launcher$ExtClassLoader@3108bc 
2024-10-29 15:16:46 WARN ForkJoinPool.commonPool-worker-25 - Ignore transforming class for className is null loader:sun.misc.Launcher$AppClassLoader@18b4aac2 
2024-10-29 15:16:46 WARN ForkJoinPool.commonPool-worker-25 - Ignore transforming class for className is null loader:sun.misc.Launcher$AppClassLoader@18b4aac2 
2024-10-29 15:16:46 WARN JavaFX Application Thread - Ignore transforming class for className is null loader:null 
2024-10-29 15:16:46 WARN JavaFX Application Thread - Ignore transforming class for className is null loader:sun.misc.Launcher$ExtClassLoader@3108bc 
2024-10-29 15:16:46 WARN JavaFX Application Thread - Ignore transforming class for className is null loader:sun.misc.Launcher$ExtClassLoader@3108bc 
2024-10-29 15:16:46 WARN JavaFX Application Thread - Ignore transforming class for className is null loader:sun.misc.Launcher$ExtClassLoader@3108bc 
2024-10-29 15:16:46 WARN JavaFX Application Thread - Ignore transforming class for className is null loader:sun.misc.Launcher$ExtClassLoader@3108bc 
2024-10-29 15:16:46 WARN JavaFX Application Thread - Ignore transforming class for className is null loader:sun.misc.Launcher$ExtClassLoader@3108bc 
2024-10-29 15:16:46 WARN JavaFX Application Thread - Ignore transforming class for className is null loader:sun.misc.Launcher$ExtClassLoader@3108bc 
2024-10-29 15:16:46 WARN JavaFX Application Thread - Ignore transforming class for className is null loader:sun.misc.Launcher$ExtClassLoader@3108bc 
2024-10-29 15:16:46 WARN JavaFX Application Thread - Ignore transforming class for className is null loader:sun.misc.Launcher$ExtClassLoader@3108bc 
2024-10-29 15:16:46 WARN JavaFX Application Thread - Ignore transforming class for className is null loader:sun.misc.Launcher$ExtClassLoader@3108bc 
2024-10-29 15:16:46 WARN JavaFX Application Thread - Ignore transforming class for className is null loader:sun.misc.Launcher$ExtClassLoader@3108bc 
2024-10-29 15:16:46 WARN JavaFX Application Thread - Ignore transforming class for className is null loader:sun.misc.Launcher$ExtClassLoader@3108bc 
2024-10-29 15:16:46 WARN JavaFX Application Thread - Ignore transforming class for className is null loader:sun.misc.Launcher$ExtClassLoader@3108bc 
2024-10-29 15:16:46 WARN ForkJoinPool.commonPool-worker-25 - Ignore transforming class for className is null loader:null 
2024-10-29 15:16:46 WARN ForkJoinPool.commonPool-worker-25 - Ignore transforming class for className is null loader:sun.misc.Launcher$AppClassLoader@18b4aac2 
2024-10-29 15:16:46 WARN ForkJoinPool.commonPool-worker-25 - Ignore transforming class for className is null loader:null 
2024-10-29 15:16:46 WARN ForkJoinPool.commonPool-worker-25 - Ignore transforming class for className is null loader:null 
2024-10-29 15:16:46 WARN ForkJoinPool.commonPool-worker-25 - Ignore transforming class for className is null loader:null 
2024-10-29 15:16:46 WARN ForkJoinPool.commonPool-worker-25 - Ignore transforming class for className is null loader:sun.misc.Launcher$AppClassLoader@18b4aac2 
2024-10-29 15:16:46 WARN JavaFX Application Thread - Ignore transforming class for className is null loader:sun.misc.Launcher$ExtClassLoader@3108bc 
2024-10-29 15:16:46 WARN ForkJoinPool.commonPool-worker-25 - Ignore transforming class for className is null loader:sun.misc.Launcher$AppClassLoader@18b4aac2 
2024-10-29 15:16:46 WARN ForkJoinPool.commonPool-worker-25 - Ignore transforming class for className is null loader:sun.misc.Launcher$AppClassLoader@18b4aac2 
2024-10-29 15:16:46 WARN ForkJoinPool.commonPool-worker-25 - Ignore transforming class for className is null loader:sun.misc.Launcher$AppClassLoader@18b4aac2 
2024-10-29 15:16:46 WARN JavaFX Application Thread - Ignore transforming class for className is null loader:sun.misc.Launcher$ExtClassLoader@3108bc 
2024-10-29 15:16:46 WARN JavaFX Application Thread - Ignore transforming class for className is null loader:sun.misc.Launcher$ExtClassLoader@3108bc 
2024-10-29 15:16:46 WARN ForkJoinPool.commonPool-worker-25 - Ignore transforming class for className is null loader:sun.misc.Launcher$AppClassLoader@18b4aac2 
2024-10-29 15:16:46 WARN JavaFX Application Thread - Ignore transforming class for className is null loader:sun.misc.Launcher$ExtClassLoader@3108bc 
2024-10-29 15:16:46 WARN JavaFX Application Thread - Ignore transforming class for className is null loader:sun.misc.Launcher$ExtClassLoader@3108bc 
2024-10-29 15:16:46 WARN ForkJoinPool.commonPool-worker-25 - Ignore transforming class for className is null loader:sun.misc.Launcher$AppClassLoader@18b4aac2 
2024-10-29 15:16:46 WARN ForkJoinPool.commonPool-worker-25 - Ignore transforming class for className is null loader:sun.misc.Launcher$AppClassLoader@18b4aac2 
2024-10-29 15:16:46 WARN JavaFX Application Thread - Ignore transforming class for className is null loader:sun.misc.Launcher$ExtClassLoader@3108bc 
2024-10-29 15:16:46 WARN JavaFX Application Thread - Ignore transforming class for className is null loader:sun.misc.Launcher$ExtClassLoader@3108bc 
2024-10-29 15:16:46 WARN JavaFX Application Thread - Ignore transforming class for className is null loader:sun.misc.Launcher$ExtClassLoader@3108bc 
2024-10-29 15:16:46 WARN JavaFX Application Thread - Ignore transforming class for className is null loader:sun.misc.Launcher$ExtClassLoader@3108bc 
2024-10-29 15:16:46 WARN ForkJoinPool.commonPool-worker-25 - Ignore transforming class for className is null loader:sun.misc.Launcher$AppClassLoader@18b4aac2 
2024-10-29 15:16:46 WARN ForkJoinPool.commonPool-worker-25 - Ignore transforming class for className is null loader:null 
2024-10-29 15:16:46 WARN ForkJoinPool.commonPool-worker-25 - Ignore transforming class for className is null loader:null 
2024-10-29 15:16:46 WARN ForkJoinPool.commonPool-worker-25 - Ignore transforming class for className is null loader:sun.misc.Launcher$AppClassLoader@18b4aac2 
2024-10-29 15:16:46 WARN ForkJoinPool.commonPool-worker-25 - Ignore transforming class for className is null loader:sun.misc.Launcher$AppClassLoader@18b4aac2 
2024-10-29 15:16:46 WARN ForkJoinPool.commonPool-worker-25 - Ignore transforming class for className is null loader:sun.misc.Launcher$AppClassLoader@18b4aac2 
2024-10-29 15:16:46 WARN JavaFX Application Thread - Ignore transforming class for className is null loader:sun.misc.Launcher$ExtClassLoader@3108bc 
2024-10-29 15:16:46 WARN JavaFX Application Thread - Ignore transforming class for className is null loader:sun.misc.Launcher$ExtClassLoader@3108bc 
2024-10-29 15:16:46 WARN JavaFX Application Thread - Ignore transforming class for className is null loader:null 
2024-10-29 15:16:46 WARN JavaFX Application Thread - Ignore transforming class for className is null loader:null 
2024-10-29 15:16:46 WARN JavaFX Application Thread - Ignore transforming class for className is null loader:null 
2024-10-29 15:16:46 WARN JavaFX Application Thread - Ignore transforming class for className is null loader:sun.misc.Launcher$ExtClassLoader@3108bc 
2024-10-29 15:16:46 WARN JavaFX Application Thread - Ignore transforming class for className is null loader:sun.misc.Launcher$AppClassLoader@18b4aac2 
2024-10-29 15:16:46 WARN JavaFX Application Thread - Ignore transforming class for className is null loader:null 
2024-10-29 15:16:46 WARN JavaFX Application Thread - Ignore transforming class for className is null loader:null 
2024-10-29 15:16:46 WARN JavaFX Application Thread - Ignore transforming class for className is null loader:sun.misc.Launcher$ExtClassLoader@3108bc 
2024-10-29 15:16:46 WARN JavaFX Application Thread - Ignore transforming class for className is null loader:sun.misc.Launcher$ExtClassLoader@3108bc 
2024-10-29 15:16:46 WARN JavaFX Application Thread - Ignore transforming class for className is null loader:sun.misc.Launcher$ExtClassLoader@3108bc 
2024-10-29 15:16:46 WARN JavaFX Application Thread - Ignore transforming class for className is null loader:sun.misc.Launcher$ExtClassLoader@3108bc 
2024-10-29 15:16:46 WARN JavaFX Application Thread - Ignore transforming class for className is null loader:sun.misc.Launcher$ExtClassLoader@3108bc 
2024-10-29 15:16:46 WARN JavaFX Application Thread - Ignore transforming class for className is null loader:sun.misc.Launcher$ExtClassLoader@3108bc 
2024-10-29 15:16:46 WARN JavaFX Application Thread - Ignore transforming class for className is null loader:sun.misc.Launcher$ExtClassLoader@3108bc 
2024-10-29 15:16:46 WARN JavaFX Application Thread - Ignore transforming class for className is null loader:sun.misc.Launcher$ExtClassLoader@3108bc 
2024-10-29 15:16:46 WARN JavaFX Application Thread - Ignore transforming class for className is null loader:null 
2024-10-29 15:16:46 WARN JavaFX Application Thread - Ignore transforming class for className is null loader:sun.misc.Launcher$ExtClassLoader@3108bc 
2024-10-29 15:16:46 WARN JavaFX Application Thread - Ignore transforming class for className is null loader:null 
2024-10-29 15:16:46 WARN JavaFX Application Thread - Ignore transforming class for className is null loader:null 
2024-10-29 15:16:46 WARN JavaFX Application Thread - Ignore transforming class for className is null loader:null 
2024-10-29 15:16:46 WARN JavaFX Application Thread - Ignore transforming class for className is null loader:sun.misc.Launcher$ExtClassLoader@3108bc 
2024-10-29 15:16:46 WARN JavaFX Application Thread - Ignore transforming class for className is null loader:sun.misc.Launcher$ExtClassLoader@3108bc 
2024-10-29 15:16:46 WARN QuantumRenderer-0 - Ignore transforming class for className is null loader:sun.misc.Launcher$ExtClassLoader@3108bc 
2024-10-29 15:16:46 WARN QuantumRenderer-0 - Ignore transforming class for className is null loader:sun.misc.Launcher$ExtClassLoader@3108bc 
2024-10-29 15:16:46 WARN QuantumRenderer-0 - Ignore transforming class for className is null loader:sun.misc.Launcher$ExtClassLoader@3108bc 
2024-10-29 15:16:46 WARN QuantumRenderer-0 - Ignore transforming class for className is null loader:sun.misc.Launcher$ExtClassLoader@3108bc 
2024-10-29 15:16:46 WARN QuantumRenderer-0 - Ignore transforming class for className is null loader:sun.misc.Launcher$ExtClassLoader@3108bc 
2024-10-29 15:16:46 WARN QuantumRenderer-0 - Ignore transforming class for className is null loader:sun.misc.Launcher$ExtClassLoader@3108bc 
2024-10-29 15:16:46 WARN ForkJoinPool.commonPool-worker-25 - Ignore transforming class for className is null loader:sun.misc.Launcher$AppClassLoader@18b4aac2 
2024-10-29 15:16:46 WARN ForkJoinPool.commonPool-worker-25 - Ignore transforming class for className is null loader:sun.misc.Launcher$AppClassLoader@18b4aac2 
2024-10-29 15:16:46 WARN ForkJoinPool.commonPool-worker-25 - Ignore transforming class for className is null loader:sun.misc.Launcher$AppClassLoader@18b4aac2 
2024-10-29 15:16:46 WARN QuantumRenderer-0 - Ignore transforming class for className is null loader:sun.misc.Launcher$ExtClassLoader@3108bc 
2024-10-29 15:16:46 WARN QuantumRenderer-0 - Ignore transforming class for className is null loader:sun.misc.Launcher$ExtClassLoader@3108bc 
2024-10-29 15:16:46 WARN ForkJoinPool.commonPool-worker-25 - Ignore transforming class for className is null loader:sun.misc.Launcher$AppClassLoader@18b4aac2 
2024-10-29 15:16:46 WARN ForkJoinPool.commonPool-worker-25 - Ignore transforming class for className is null loader:sun.misc.Launcher$AppClassLoader@18b4aac2 
2024-10-29 15:16:46 WARN QuantumRenderer-0 - Ignore transforming class for className is null loader:sun.misc.Launcher$ExtClassLoader@3108bc 
2024-10-29 15:16:46 WARN ForkJoinPool.commonPool-worker-25 - Ignore transforming class for className is null loader:sun.misc.Launcher$AppClassLoader@18b4aac2 
2024-10-29 15:16:46 WARN QuantumRenderer-0 - Ignore transforming class for className is null loader:sun.misc.Launcher$ExtClassLoader@3108bc 
2024-10-29 15:16:46 WARN QuantumRenderer-0 - Ignore transforming class for className is null loader:sun.misc.Launcher$ExtClassLoader@3108bc 
2024-10-29 15:16:46 WARN QuantumRenderer-0 - Ignore transforming class for className is null loader:sun.misc.Launcher$ExtClassLoader@3108bc 
2024-10-29 15:16:46 WARN QuantumRenderer-0 - Ignore transforming class for className is null loader:sun.misc.Launcher$ExtClassLoader@3108bc 
2024-10-29 15:16:46 WARN QuantumRenderer-0 - Ignore transforming class for className is null loader:sun.misc.Launcher$ExtClassLoader@3108bc 
2024-10-29 15:16:46 WARN QuantumRenderer-0 - Ignore transforming class for className is null loader:sun.misc.Launcher$ExtClassLoader@3108bc 
2024-10-29 15:16:46 WARN ForkJoinPool.commonPool-worker-25 - Ignore transforming class for className is null loader:sun.misc.Launcher$AppClassLoader@18b4aac2 
2024-10-29 15:16:46 WARN ForkJoinPool.commonPool-worker-25 - Ignore transforming class for className is null loader:sun.misc.Launcher$AppClassLoader@18b4aac2 
2024-10-29 15:16:46 WARN ForkJoinPool.commonPool-worker-25 - Ignore transforming class for className is null loader:null 
2024-10-29 15:16:46 WARN ForkJoinPool.commonPool-worker-25 - Ignore transforming class for className is null loader:null 
2024-10-29 15:16:46 WARN ForkJoinPool.commonPool-worker-25 - Ignore transforming class for className is null loader:null 
2024-10-29 15:16:46 WARN ForkJoinPool.commonPool-worker-25 - Ignore transforming class for className is null loader:sun.misc.Launcher$AppClassLoader@18b4aac2 
2024-10-29 15:16:46 WARN ForkJoinPool.commonPool-worker-25 - Ignore transforming class for className is null loader:sun.misc.Launcher$AppClassLoader@18b4aac2 
2024-10-29 15:16:46 WARN ForkJoinPool.commonPool-worker-25 - Ignore transforming class for className is null loader:sun.misc.Launcher$AppClassLoader@18b4aac2 
2024-10-29 15:16:46 WARN ForkJoinPool.commonPool-worker-25 - Ignore transforming class for className is null loader:null 
2024-10-29 15:16:46 WARN ForkJoinPool.commonPool-worker-25 - Ignore transforming class for className is null loader:null 
2024-10-29 15:16:46 WARN ForkJoinPool.commonPool-worker-25 - Ignore transforming class for className is null loader:sun.misc.Launcher$AppClassLoader@18b4aac2 
2024-10-29 15:16:46 WARN ForkJoinPool.commonPool-worker-25 - Ignore transforming class for className is null loader:sun.misc.Launcher$AppClassLoader@18b4aac2 
2024-10-29 15:16:46 WARN ForkJoinPool.commonPool-worker-25 - Ignore transforming class for className is null loader:sun.misc.Launcher$AppClassLoader@18b4aac2 
2024-10-29 15:16:46 WARN ForkJoinPool.commonPool-worker-25 - Ignore transforming class for className is null loader:sun.misc.Launcher$AppClassLoader@18b4aac2 
2024-10-29 15:16:46 WARN ForkJoinPool.commonPool-worker-25 - Ignore transforming class for className is null loader:sun.misc.Launcher$AppClassLoader@18b4aac2 
2024-10-29 15:16:46 WARN ForkJoinPool.commonPool-worker-25 - Ignore transforming class for className is null loader:sun.misc.Launcher$AppClassLoader@18b4aac2 
2024-10-29 15:16:46 WARN ForkJoinPool.commonPool-worker-25 - Ignore transforming class for className is null loader:sun.misc.Launcher$AppClassLoader@18b4aac2 
2024-10-29 15:16:46 WARN ForkJoinPool.commonPool-worker-25 - Ignore transforming class for className is null loader:sun.misc.Launcher$AppClassLoader@18b4aac2 
2024-10-29 15:16:46 WARN ForkJoinPool.commonPool-worker-25 - Ignore transforming class for className is null loader:null 
2024-10-29 15:16:46 WARN ForkJoinPool.commonPool-worker-25 - Ignore transforming class for className is null loader:sun.misc.Launcher$AppClassLoader@18b4aac2 
2024-10-29 15:16:46 WARN ForkJoinPool.commonPool-worker-25 - Ignore transforming class for className is null loader:sun.misc.Launcher$AppClassLoader@18b4aac2 
2024-10-29 15:16:46 WARN ForkJoinPool.commonPool-worker-25 - Ignore transforming class for className is null loader:null 
2024-10-29 15:16:46 WARN ForkJoinPool.commonPool-worker-25 - Ignore transforming class for className is null loader:sun.misc.Launcher$AppClassLoader@18b4aac2 
2024-10-29 15:16:46 WARN ForkJoinPool.commonPool-worker-25 - Ignore transforming class for className is null loader:sun.misc.Launcher$AppClassLoader@18b4aac2 
2024-10-29 15:16:46 WARN ForkJoinPool.commonPool-worker-25 - Ignore transforming class for className is null loader:sun.misc.Launcher$AppClassLoader@18b4aac2 
2024-10-29 15:16:46 WARN ForkJoinPool.commonPool-worker-25 - Ignore transforming class for className is null loader:sun.misc.Launcher$AppClassLoader@18b4aac2 
2024-10-29 15:16:46 WARN ForkJoinPool.commonPool-worker-25 - Ignore transforming class for className is null loader:sun.misc.Launcher$AppClassLoader@18b4aac2 
2024-10-29 15:16:46 WARN ForkJoinPool.commonPool-worker-25 - Ignore transforming class for className is null loader:sun.misc.Launcher$AppClassLoader@18b4aac2 
2024-10-29 15:16:46 WARN ForkJoinPool.commonPool-worker-25 - Ignore transforming class for className is null loader:null 
2024-10-29 15:16:46 WARN ForkJoinPool.commonPool-worker-25 - Ignore transforming class for className is null loader:sun.misc.Launcher$AppClassLoader@18b4aac2 
2024-10-29 15:16:46 WARN ForkJoinPool.commonPool-worker-25 - Ignore transforming class for className is null loader:sun.misc.Launcher$AppClassLoader@18b4aac2 
2024-10-29 15:16:46 WARN ForkJoinPool.commonPool-worker-25 - Ignore transforming class for className is null loader:sun.misc.Launcher$AppClassLoader@18b4aac2 
2024-10-29 15:16:46 WARN ForkJoinPool.commonPool-worker-25 - Ignore transforming class for className is null loader:sun.misc.Launcher$AppClassLoader@18b4aac2 
2024-10-29 15:16:46 WARN ForkJoinPool.commonPool-worker-25 - Ignore transforming class for className is null loader:sun.misc.Launcher$AppClassLoader@18b4aac2 
2024-10-29 15:16:46 WARN ForkJoinPool.commonPool-worker-25 - Ignore transforming class for className is null loader:sun.misc.Launcher$AppClassLoader@18b4aac2 
2024-10-29 15:16:46 WARN ForkJoinPool.commonPool-worker-25 - Ignore transforming class for className is null loader:sun.misc.Launcher$AppClassLoader@18b4aac2 
2024-10-29 15:16:46 WARN ForkJoinPool.commonPool-worker-25 - Ignore transforming class for className is null loader:sun.misc.Launcher$AppClassLoader@18b4aac2 
2024-10-29 15:16:46 WARN ForkJoinPool.commonPool-worker-25 - Ignore transforming class for className is null loader:sun.misc.Launcher$AppClassLoader@18b4aac2 
2024-10-29 15:16:46 WARN ForkJoinPool.commonPool-worker-25 - Ignore transforming class for className is null loader:sun.misc.Launcher$AppClassLoader@18b4aac2 
2024-10-29 15:16:46 WARN ForkJoinPool.commonPool-worker-25 - Ignore transforming class for className is null loader:sun.misc.Launcher$AppClassLoader@18b4aac2 
2024-10-29 15:16:46 WARN ForkJoinPool.commonPool-worker-25 - Ignore transforming class for className is null loader:sun.misc.Launcher$AppClassLoader@18b4aac2 
2024-10-29 15:16:46 WARN ForkJoinPool.commonPool-worker-25 - Ignore transforming class for className is null loader:sun.misc.Launcher$AppClassLoader@18b4aac2 
2024-10-29 15:16:46 WARN ForkJoinPool.commonPool-worker-25 - Ignore transforming class for className is null loader:sun.misc.Launcher$AppClassLoader@18b4aac2 
2024-10-29 15:16:46 WARN ForkJoinPool.commonPool-worker-25 - Ignore transforming class for className is null loader:sun.misc.Launcher$AppClassLoader@18b4aac2 
2024-10-29 15:16:46 WARN ForkJoinPool.commonPool-worker-25 - Ignore transforming class for className is null loader:sun.misc.Launcher$AppClassLoader@18b4aac2 
2024-10-29 15:16:46 WARN ForkJoinPool.commonPool-worker-25 - Ignore transforming class for className is null loader:sun.misc.Launcher$AppClassLoader@18b4aac2 
2024-10-29 15:16:46 WARN ForkJoinPool.commonPool-worker-25 - Ignore transforming class for className is null loader:sun.misc.Launcher$AppClassLoader@18b4aac2 
2024-10-29 15:16:46 WARN ForkJoinPool.commonPool-worker-25 - Ignore transforming class for className is null loader:sun.misc.Launcher$AppClassLoader@18b4aac2 
2024-10-29 15:16:46 WARN ForkJoinPool.commonPool-worker-25 - Ignore transforming class for className is null loader:sun.misc.Launcher$AppClassLoader@18b4aac2 
2024-10-29 15:16:46 WARN ForkJoinPool.commonPool-worker-25 - Ignore transforming class for className is null loader:sun.misc.Launcher$AppClassLoader@18b4aac2 
2024-10-29 15:16:46 WARN ForkJoinPool.commonPool-worker-25 - Ignore transforming class for className is null loader:sun.misc.Launcher$AppClassLoader@18b4aac2 
2024-10-29 15:16:46 WARN ForkJoinPool.commonPool-worker-25 - Ignore transforming class for className is null loader:null 
2024-10-29 15:16:46 WARN ForkJoinPool.commonPool-worker-25 - Ignore transforming class for className is null loader:sun.misc.Launcher$AppClassLoader@18b4aac2 
2024-10-29 15:16:46 WARN ForkJoinPool.commonPool-worker-25 - Ignore transforming class for className is null loader:sun.misc.Launcher$AppClassLoader@18b4aac2 
2024-10-29 15:16:46 WARN ForkJoinPool.commonPool-worker-25 - Ignore transforming class for className is null loader:sun.misc.Launcher$AppClassLoader@18b4aac2 
2024-10-29 15:16:46 WARN ForkJoinPool.commonPool-worker-25 - Ignore transforming class for className is null loader:sun.misc.Launcher$AppClassLoader@18b4aac2 
2024-10-29 15:16:46 WARN ForkJoinPool.commonPool-worker-25 - Ignore transforming class for className is null loader:sun.misc.Launcher$AppClassLoader@18b4aac2 
2024-10-29 15:16:46 WARN ForkJoinPool.commonPool-worker-25 - Ignore transforming class for className is null loader:sun.misc.Launcher$AppClassLoader@18b4aac2 
2024-10-29 15:16:46 WARN ForkJoinPool.commonPool-worker-25 - Ignore transforming class for className is null loader:null 
2024-10-29 15:16:46 WARN ForkJoinPool.commonPool-worker-25 - Ignore transforming class for className is null loader:sun.misc.Launcher$AppClassLoader@18b4aac2 
2024-10-29 15:16:46 WARN ForkJoinPool.commonPool-worker-25 - Ignore transforming class for className is null loader:sun.misc.Launcher$AppClassLoader@18b4aac2 
2024-10-29 15:16:46 WARN ForkJoinPool.commonPool-worker-25 - Ignore transforming class for className is null loader:sun.misc.Launcher$AppClassLoader@18b4aac2 
2024-10-29 15:16:46 WARN ForkJoinPool.commonPool-worker-25 - Ignore transforming class for className is null loader:sun.misc.Launcher$AppClassLoader@18b4aac2 
2024-10-29 15:16:46 WARN ForkJoinPool.commonPool-worker-25 - Ignore transforming class for className is null loader:sun.misc.Launcher$AppClassLoader@18b4aac2 
2024-10-29 15:16:46 WARN ForkJoinPool.commonPool-worker-25 - Ignore transforming class for className is null loader:sun.misc.Launcher$AppClassLoader@18b4aac2 
2024-10-29 15:16:46 WARN ForkJoinPool.commonPool-worker-25 - Ignore transforming class for className is null loader:sun.misc.Launcher$AppClassLoader@18b4aac2 
2024-10-29 15:16:46 WARN ForkJoinPool.commonPool-worker-25 - Ignore transforming class for className is null loader:sun.misc.Launcher$AppClassLoader@18b4aac2 
2024-10-29 15:16:46 WARN ForkJoinPool.commonPool-worker-25 - Ignore transforming class for className is null loader:null 
2024-10-29 15:16:46 WARN ForkJoinPool.commonPool-worker-25 - Ignore transforming class for className is null loader:sun.misc.Launcher$AppClassLoader@18b4aac2 
2024-10-29 15:16:46 WARN ForkJoinPool.commonPool-worker-25 - Ignore transforming class for className is null loader:null 
2024-10-29 15:16:46 WARN ForkJoinPool.commonPool-worker-25 - Ignore transforming class for className is null loader:sun.misc.Launcher$AppClassLoader@18b4aac2 
2024-10-29 15:16:46 WARN ForkJoinPool.commonPool-worker-25 - Ignore transforming class for className is null loader:null 
2024-10-29 15:16:46 WARN ForkJoinPool.commonPool-worker-25 - Ignore transforming class for className is null loader:null 
2024-10-29 15:16:46 WARN ForkJoinPool.commonPool-worker-25 - Ignore transforming class for className is null loader:null 
2024-10-29 15:16:46 WARN ForkJoinPool.commonPool-worker-25 - Ignore transforming class for className is null loader:sun.misc.Launcher$AppClassLoader@18b4aac2 
2024-10-29 15:16:46 WARN ForkJoinPool.commonPool-worker-25 - Ignore transforming class for className is null loader:sun.misc.Launcher$AppClassLoader@18b4aac2 
2024-10-29 15:16:46 WARN ForkJoinPool.commonPool-worker-25 - Ignore transforming class for className is null loader:sun.misc.Launcher$AppClassLoader@18b4aac2 
2024-10-29 15:16:46 WARN ForkJoinPool.commonPool-worker-25 - Ignore transforming class for className is null loader:sun.misc.Launcher$AppClassLoader@18b4aac2 
2024-10-29 15:16:46 WARN ForkJoinPool.commonPool-worker-25 - Ignore transforming class for className is null loader:sun.misc.Launcher$AppClassLoader@18b4aac2 
2024-10-29 15:16:47 WARN ForkJoinPool.commonPool-worker-25 - Ignore transforming class for className is null loader:sun.misc.Launcher$AppClassLoader@18b4aac2 
2024-10-29 15:16:47 WARN JavaFX Application Thread - Ignore transforming class for className is null loader:sun.misc.Launcher$AppClassLoader@18b4aac2 
2024-10-29 15:16:47 WARN JavaFX Application Thread - Ignore transforming class for className is null loader:sun.misc.Launcher$AppClassLoader@18b4aac2 
2024-10-29 15:16:47 ERROR XCodeMap-Transform-8 - Transform failed for className:sun.reflect.misc.MethodUtil
xcodemap.shaded.a.a: [source error] bad method
	at xcodemap.shaded.a.h.a(SourceFile:2806)
	at org.adapgpt.xcodemap.agent.d.a(SourceFile:133)
	at org.adapgpt.xcodemap.agent.m.b(SourceFile:91)
	at org.adapgpt.xcodemap.agent.m.a(SourceFile:42)
	at org.adapgpt.xcodemap.graph.e.m.run(SourceFile:110)
Caused by: xcodemap.shaded.a.b.c: bad method
	at xcodemap.shaded.a.b.r.b(SourceFile:728)
	at xcodemap.shaded.a.b.r.a(SourceFile:713)
	at xcodemap.shaded.a.b.f.a(SourceFile:170)
	at xcodemap.shaded.a.b.a.f.a(SourceFile:49)
	at xcodemap.shaded.a.b.r.d(SourceFile:550)
	at xcodemap.shaded.a.b.r.a(SourceFile:365)
	at xcodemap.shaded.a.b.a.e.a(SourceFile:45)
	at xcodemap.shaded.a.b.b.e(SourceFile:266)
	at xcodemap.shaded.a.b.b.a(SourceFile:260)
	at xcodemap.shaded.a.b.b.a(SourceFile:3414)
	at xcodemap.shaded.a.b.d.a(SourceFile:1053)
	at xcodemap.shaded.a.h.a(SourceFile:2786)
	... 4 common frames omitted
2024-10-29 15:16:47 WARN JavaFX Application Thread - Ignore transforming class for className is null loader:sun.misc.Launcher$ExtClassLoader@3108bc 
2024-10-29 15:16:47 WARN JavaFX Application Thread - Ignore transforming class for className is null loader:sun.misc.Launcher$ExtClassLoader@3108bc 
2024-10-29 15:16:47 WARN JavaFX Application Thread - Ignore transforming class for className is null loader:sun.misc.Launcher$ExtClassLoader@3108bc 
2024-10-29 15:16:47 WARN JavaFX Application Thread - Ignore transforming class for className is null loader:sun.misc.Launcher$ExtClassLoader@3108bc 
2024-10-29 15:16:47 WARN JavaFX Application Thread - Ignore transforming class for className is null loader:sun.misc.Launcher$ExtClassLoader@3108bc 
2024-10-29 15:16:47 WARN JavaFX Application Thread - Ignore transforming class for className is null loader:sun.misc.Launcher$ExtClassLoader@3108bc 
2024-10-29 15:16:47 WARN JavaFX Application Thread - Ignore transforming class for className is null loader:sun.misc.Launcher$ExtClassLoader@3108bc 
2024-10-29 15:16:47 WARN JavaFX Application Thread - Ignore transforming class for className is null loader:sun.misc.Launcher$ExtClassLoader@3108bc 
2024-10-29 15:16:47 WARN JavaFX Application Thread - Ignore transforming class for className is null loader:sun.misc.Launcher$AppClassLoader@18b4aac2 
2024-10-29 15:16:47 WARN JavaFX Application Thread - Ignore transforming class for className is null loader:sun.misc.Launcher$ExtClassLoader@3108bc 
2024-10-29 15:16:47 WARN JavaFX Application Thread - Ignore transforming class for className is null loader:sun.misc.Launcher$ExtClassLoader@3108bc 
2024-10-29 15:16:47 WARN JavaFX Application Thread - Ignore transforming class for className is null loader:sun.misc.Launcher$ExtClassLoader@3108bc 
2024-10-29 15:16:47 WARN JavaFX Application Thread - Ignore transforming class for className is null loader:sun.misc.Launcher$ExtClassLoader@3108bc 
2024-10-29 15:16:47 WARN JavaFX Application Thread - Ignore transforming class for className is null loader:sun.misc.Launcher$ExtClassLoader@3108bc 
2024-10-29 15:16:47 WARN JavaFX Application Thread - Ignore transforming class for className is null loader:sun.misc.Launcher$ExtClassLoader@3108bc 
2024-10-29 15:16:47 WARN JavaFX Application Thread - Ignore transforming class for className is null loader:sun.misc.Launcher$ExtClassLoader@3108bc 
2024-10-29 15:16:47 WARN JavaFX Application Thread - Ignore transforming class for className is null loader:sun.misc.Launcher$ExtClassLoader@3108bc 
2024-10-29 15:16:47 WARN JavaFX Application Thread - Ignore transforming class for className is null loader:sun.misc.Launcher$ExtClassLoader@3108bc 
2024-10-29 15:16:47 WARN JavaFX Application Thread - Ignore transforming class for className is null loader:sun.misc.Launcher$ExtClassLoader@3108bc 
2024-10-29 15:16:47 WARN JavaFX Application Thread - Ignore transforming class for className is null loader:sun.misc.Launcher$AppClassLoader@18b4aac2 
2024-10-29 15:16:47 WARN JavaFX Application Thread - Ignore transforming class for className is null loader:sun.misc.Launcher$AppClassLoader@18b4aac2 
2024-10-29 15:16:48 WARN JavaFX Application Thread - Ignore transforming class for className is null loader:sun.misc.Launcher$AppClassLoader@18b4aac2 
2024-10-29 15:16:48 WARN JavaFX Application Thread - Ignore transforming class for className is null loader:sun.misc.Launcher$AppClassLoader@18b4aac2 
2024-10-29 15:16:48 WARN JavaFX Application Thread - Ignore transforming class for className is null loader:sun.misc.Launcher$AppClassLoader@18b4aac2 
2024-10-29 15:16:48 WARN JavaFX Application Thread - Ignore transforming class for className is null loader:sun.misc.Launcher$ExtClassLoader@3108bc 
2024-10-29 15:16:48 WARN JavaFX Application Thread - Ignore transforming class for className is null loader:sun.misc.Launcher$ExtClassLoader@3108bc 
2024-10-29 15:16:48 WARN JavaFX Application Thread - Ignore transforming class for className is null loader:sun.misc.Launcher$ExtClassLoader@3108bc 
2024-10-29 15:16:48 WARN JavaFX Application Thread - Ignore transforming class for className is null loader:sun.misc.Launcher$ExtClassLoader@3108bc 
2024-10-29 15:16:48 WARN JavaFX Application Thread - Ignore transforming class for className is null loader:sun.misc.Launcher$ExtClassLoader@3108bc 
2024-10-29 15:16:48 WARN JavaFX Application Thread - Ignore transforming class for className is null loader:sun.misc.Launcher$ExtClassLoader@3108bc 
2024-10-29 15:16:48 WARN JavaFX Application Thread - Ignore transforming class for className is null loader:sun.misc.Launcher$ExtClassLoader@3108bc 
2024-10-29 15:16:48 WARN JavaFX Application Thread - Ignore transforming class for className is null loader:sun.misc.Launcher$ExtClassLoader@3108bc 
2024-10-29 15:16:48 WARN JavaFX Application Thread - Ignore transforming class for className is null loader:sun.misc.Launcher$ExtClassLoader@3108bc 
2024-10-29 15:16:48 WARN JavaFX Application Thread - Ignore transforming class for className is null loader:sun.misc.Launcher$ExtClassLoader@3108bc 
2024-10-29 15:16:48 WARN JavaFX Application Thread - Ignore transforming class for className is null loader:sun.misc.Launcher$ExtClassLoader@3108bc 
2024-10-29 15:16:48 WARN JavaFX Application Thread - Ignore transforming class for className is null loader:sun.misc.Launcher$ExtClassLoader@3108bc 
2024-10-29 15:16:48 WARN JavaFX Application Thread - Ignore transforming class for className is null loader:sun.misc.Launcher$ExtClassLoader@3108bc 
2024-10-29 15:16:48 WARN JavaFX Application Thread - Ignore transforming class for className is null loader:sun.misc.Launcher$ExtClassLoader@3108bc 
2024-10-29 15:16:48 WARN JavaFX Application Thread - Ignore transforming class for className is null loader:sun.misc.Launcher$ExtClassLoader@3108bc 
2024-10-29 15:16:48 WARN JavaFX Application Thread - Ignore transforming class for className is null loader:sun.misc.Launcher$ExtClassLoader@3108bc 
2024-10-29 15:16:48 WARN JavaFX Application Thread - Ignore transforming class for className is null loader:sun.misc.Launcher$ExtClassLoader@3108bc 
2024-10-29 15:16:48 WARN JavaFX Application Thread - Ignore transforming class for className is null loader:sun.misc.Launcher$ExtClassLoader@3108bc 
2024-10-29 15:16:48 WARN JavaFX Application Thread - Ignore transforming class for className is null loader:sun.misc.Launcher$ExtClassLoader@3108bc 
2024-10-29 15:16:48 WARN JavaFX Application Thread - Ignore transforming class for className is null loader:sun.misc.Launcher$ExtClassLoader@3108bc 
2024-10-29 15:16:48 WARN JavaFX Application Thread - Ignore transforming class for className is null loader:sun.misc.Launcher$ExtClassLoader@3108bc 
2024-10-29 15:16:48 WARN JavaFX Application Thread - Ignore transforming class for className is null loader:sun.misc.Launcher$ExtClassLoader@3108bc 
2024-10-29 15:16:48 WARN JavaFX Application Thread - Ignore transforming class for className is null loader:sun.misc.Launcher$ExtClassLoader@3108bc 
2024-10-29 15:16:48 WARN JavaFX Application Thread - Ignore transforming class for className is null loader:sun.misc.Launcher$ExtClassLoader@3108bc 
2024-10-29 15:16:48 WARN JavaFX Application Thread - Ignore transforming class for className is null loader:sun.misc.Launcher$ExtClassLoader@3108bc 
2024-10-29 15:16:48 WARN JavaFX Application Thread - Ignore transforming class for className is null loader:sun.misc.Launcher$ExtClassLoader@3108bc 
2024-10-29 15:16:48 WARN JavaFX Application Thread - Ignore transforming class for className is null loader:sun.misc.Launcher$ExtClassLoader@3108bc 
2024-10-29 15:16:48 WARN JavaFX Application Thread - Ignore transforming class for className is null loader:sun.misc.Launcher$ExtClassLoader@3108bc 
2024-10-29 15:16:48 WARN JavaFX Application Thread - Ignore transforming class for className is null loader:sun.misc.Launcher$ExtClassLoader@3108bc 
2024-10-29 15:16:48 WARN JavaFX Application Thread - Ignore transforming class for className is null loader:sun.misc.Launcher$ExtClassLoader@3108bc 
2024-10-29 15:16:48 WARN JavaFX Application Thread - Ignore transforming class for className is null loader:sun.misc.Launcher$ExtClassLoader@3108bc 
2024-10-29 15:16:48 WARN JavaFX Application Thread - Ignore transforming class for className is null loader:sun.misc.Launcher$ExtClassLoader@3108bc 
2024-10-29 15:16:48 WARN JavaFX Application Thread - Ignore transforming class for className is null loader:sun.misc.Launcher$ExtClassLoader@3108bc 
2024-10-29 15:16:48 WARN JavaFX Application Thread - Ignore transforming class for className is null loader:sun.misc.Launcher$ExtClassLoader@3108bc 
2024-10-29 15:16:48 WARN JavaFX Application Thread - Ignore transforming class for className is null loader:sun.misc.Launcher$ExtClassLoader@3108bc 
2024-10-29 15:16:48 WARN JavaFX Application Thread - Ignore transforming class for className is null loader:sun.misc.Launcher$ExtClassLoader@3108bc 
2024-10-29 15:16:48 WARN JavaFX Application Thread - Ignore transforming class for className is null loader:sun.misc.Launcher$ExtClassLoader@3108bc 
2024-10-29 15:16:48 WARN JavaFX Application Thread - Ignore transforming class for className is null loader:sun.misc.Launcher$ExtClassLoader@3108bc 
2024-10-29 15:16:48 WARN JavaFX Application Thread - Ignore transforming class for className is null loader:sun.misc.Launcher$ExtClassLoader@3108bc 
2024-10-29 15:16:48 WARN JavaFX Application Thread - Ignore transforming class for className is null loader:sun.misc.Launcher$ExtClassLoader@3108bc 
2024-10-29 15:16:48 WARN JavaFX Application Thread - Ignore transforming class for className is null loader:sun.misc.Launcher$ExtClassLoader@3108bc 
2024-10-29 15:16:48 WARN JavaFX Application Thread - Ignore transforming class for className is null loader:sun.misc.Launcher$ExtClassLoader@3108bc 
2024-10-29 15:16:48 WARN JavaFX Application Thread - Ignore transforming class for className is null loader:sun.misc.Launcher$ExtClassLoader@3108bc 
2024-10-29 15:16:48 WARN JavaFX Application Thread - Ignore transforming class for className is null loader:sun.misc.Launcher$ExtClassLoader@3108bc 
2024-10-29 15:16:48 WARN JavaFX Application Thread - Ignore transforming class for className is null loader:sun.misc.Launcher$ExtClassLoader@3108bc 
2024-10-29 15:16:48 WARN JavaFX Application Thread - Ignore transforming class for className is null loader:sun.misc.Launcher$ExtClassLoader@3108bc 
2024-10-29 15:16:48 WARN JavaFX Application Thread - Ignore transforming class for className is null loader:sun.misc.Launcher$ExtClassLoader@3108bc 
2024-10-29 15:16:48 WARN JavaFX Application Thread - Ignore transforming class for className is null loader:sun.misc.Launcher$ExtClassLoader@3108bc 
2024-10-29 15:16:48 WARN JavaFX Application Thread - Ignore transforming class for className is null loader:sun.misc.Launcher$AppClassLoader@18b4aac2 
2024-10-29 15:16:48 WARN JavaFX Application Thread - Ignore transforming class for className is null loader:null 
2024-10-29 15:16:48 WARN JavaFX Application Thread - Ignore transforming class for className is null loader:sun.misc.Launcher$AppClassLoader@18b4aac2 
2024-10-29 15:16:48 WARN JavaFX Application Thread - Ignore transforming class for className is null loader:sun.misc.Launcher$AppClassLoader@18b4aac2 
2024-10-29 15:16:48 WARN JavaFX Application Thread - Ignore transforming class for className is null loader:sun.misc.Launcher$AppClassLoader@18b4aac2 
2024-10-29 15:16:48 WARN JavaFX Application Thread - Ignore transforming class for className is null loader:sun.misc.Launcher$AppClassLoader@18b4aac2 
2024-10-29 15:16:48 WARN JavaFX Application Thread - Ignore transforming class for className is null loader:null 
2024-10-29 15:16:48 WARN JavaFX Application Thread - Ignore transforming class for className is null loader:sun.misc.Launcher$AppClassLoader@18b4aac2 
2024-10-29 15:16:48 WARN JavaFX Application Thread - Ignore transforming class for className is null loader:sun.misc.Launcher$ExtClassLoader@3108bc 
2024-10-29 15:16:48 WARN JavaFX Application Thread - Ignore transforming class for className is null loader:sun.misc.Launcher$ExtClassLoader@3108bc 
2024-10-29 15:16:48 WARN JavaFX Application Thread - Ignore transforming class for className is null loader:sun.misc.Launcher$ExtClassLoader@3108bc 
2024-10-29 15:16:48 WARN JavaFX Application Thread - Ignore transforming class for className is null loader:sun.misc.Launcher$ExtClassLoader@3108bc 
2024-10-29 15:16:48 WARN JavaFX Application Thread - Ignore transforming class for className is null loader:sun.misc.Launcher$ExtClassLoader@3108bc 
2024-10-29 15:16:48 WARN JavaFX Application Thread - Ignore transforming class for className is null loader:sun.misc.Launcher$ExtClassLoader@3108bc 
2024-10-29 15:16:48 WARN JavaFX Application Thread - Ignore transforming class for className is null loader:sun.misc.Launcher$ExtClassLoader@3108bc 
2024-10-29 15:16:48 WARN JavaFX Application Thread - Ignore transforming class for className is null loader:sun.misc.Launcher$ExtClassLoader@3108bc 
2024-10-29 15:16:48 WARN JavaFX Application Thread - Ignore transforming class for className is null loader:sun.misc.Launcher$ExtClassLoader@3108bc 
2024-10-29 15:16:48 WARN JavaFX Application Thread - Ignore transforming class for className is null loader:sun.misc.Launcher$ExtClassLoader@3108bc 
2024-10-29 15:16:48 WARN JavaFX Application Thread - Ignore transforming class for className is null loader:sun.misc.Launcher$ExtClassLoader@3108bc 
2024-10-29 15:16:48 WARN JavaFX Application Thread - Ignore transforming class for className is null loader:sun.misc.Launcher$ExtClassLoader@3108bc 
2024-10-29 15:16:48 WARN JavaFX Application Thread - Ignore transforming class for className is null loader:sun.misc.Launcher$ExtClassLoader@3108bc 
2024-10-29 15:16:48 WARN JavaFX Application Thread - Ignore transforming class for className is null loader:sun.misc.Launcher$ExtClassLoader@3108bc 
2024-10-29 15:16:48 WARN JavaFX Application Thread - Ignore transforming class for className is null loader:sun.misc.Launcher$ExtClassLoader@3108bc 
2024-10-29 15:16:48 WARN JavaFX Application Thread - Ignore transforming class for className is null loader:sun.misc.Launcher$ExtClassLoader@3108bc 
2024-10-29 15:16:48 WARN JavaFX Application Thread - Ignore transforming class for className is null loader:sun.misc.Launcher$ExtClassLoader@3108bc 
2024-10-29 15:16:48 WARN JavaFX Application Thread - Ignore transforming class for className is null loader:sun.misc.Launcher$ExtClassLoader@3108bc 
2024-10-29 15:16:48 WARN JavaFX Application Thread - Ignore transforming class for className is null loader:sun.misc.Launcher$ExtClassLoader@3108bc 
2024-10-29 15:16:48 WARN JavaFX Application Thread - Ignore transforming class for className is null loader:sun.misc.Launcher$ExtClassLoader@3108bc 
2024-10-29 15:16:48 WARN JavaFX Application Thread - Ignore transforming class for className is null loader:sun.misc.Launcher$ExtClassLoader@3108bc 
2024-10-29 15:16:48 WARN JavaFX Application Thread - Ignore transforming class for className is null loader:sun.misc.Launcher$ExtClassLoader@3108bc 
2024-10-29 15:16:48 WARN JavaFX Application Thread - Ignore transforming class for className is null loader:sun.misc.Launcher$ExtClassLoader@3108bc 
2024-10-29 15:16:48 WARN JavaFX Application Thread - Ignore transforming class for className is null loader:sun.misc.Launcher$ExtClassLoader@3108bc 
2024-10-29 15:16:48 WARN JavaFX Application Thread - Ignore transforming class for className is null loader:sun.misc.Launcher$ExtClassLoader@3108bc 
2024-10-29 15:16:48 WARN JavaFX Application Thread - Ignore transforming class for className is null loader:sun.misc.Launcher$ExtClassLoader@3108bc 
2024-10-29 15:16:48 WARN JavaFX Application Thread - Ignore transforming class for className is null loader:sun.misc.Launcher$ExtClassLoader@3108bc 
2024-10-29 15:16:48 WARN JavaFX Application Thread - Ignore transforming class for className is null loader:sun.misc.Launcher$ExtClassLoader@3108bc 
2024-10-29 15:16:48 WARN JavaFX Application Thread - Ignore transforming class for className is null loader:sun.misc.Launcher$ExtClassLoader@3108bc 
2024-10-29 15:16:48 WARN JavaFX Application Thread - Ignore transforming class for className is null loader:sun.misc.Launcher$ExtClassLoader@3108bc 
2024-10-29 15:16:48 WARN JavaFX Application Thread - Ignore transforming class for className is null loader:sun.misc.Launcher$ExtClassLoader@3108bc 
2024-10-29 15:16:48 WARN JavaFX Application Thread - Ignore transforming class for className is null loader:sun.misc.Launcher$ExtClassLoader@3108bc 
2024-10-29 15:16:48 WARN JavaFX Application Thread - Ignore transforming class for className is null loader:sun.misc.Launcher$ExtClassLoader@3108bc 
2024-10-29 15:16:48 WARN JavaFX Application Thread - Ignore transforming class for className is null loader:sun.misc.Launcher$ExtClassLoader@3108bc 
2024-10-29 15:16:48 WARN JavaFX Application Thread - Ignore transforming class for className is null loader:sun.misc.Launcher$ExtClassLoader@3108bc 
2024-10-29 15:16:48 WARN JavaFX Application Thread - Ignore transforming class for className is null loader:sun.misc.Launcher$ExtClassLoader@3108bc 
2024-10-29 15:16:48 WARN JavaFX Application Thread - Ignore transforming class for className is null loader:sun.misc.Launcher$ExtClassLoader@3108bc 
2024-10-29 15:16:48 WARN JavaFX Application Thread - Ignore transforming class for className is null loader:sun.misc.Launcher$ExtClassLoader@3108bc 
2024-10-29 15:16:48 WARN JavaFX Application Thread - Ignore transforming class for className is null loader:sun.misc.Launcher$ExtClassLoader@3108bc 
2024-10-29 15:16:48 WARN JavaFX Application Thread - Ignore transforming class for className is null loader:sun.misc.Launcher$ExtClassLoader@3108bc 
2024-10-29 15:16:48 WARN JavaFX Application Thread - Ignore transforming class for className is null loader:sun.misc.Launcher$ExtClassLoader@3108bc 
2024-10-29 15:16:48 WARN JavaFX Application Thread - Ignore transforming class for className is null loader:sun.misc.Launcher$ExtClassLoader@3108bc 
2024-10-29 15:16:48 WARN JavaFX Application Thread - Ignore transforming class for className is null loader:sun.misc.Launcher$ExtClassLoader@3108bc 
2024-10-29 15:16:48 WARN JavaFX Application Thread - Ignore transforming class for className is null loader:sun.misc.Launcher$ExtClassLoader@3108bc 
2024-10-29 15:16:48 WARN JavaFX Application Thread - Ignore transforming class for className is null loader:sun.misc.Launcher$ExtClassLoader@3108bc 
2024-10-29 15:16:48 WARN JavaFX Application Thread - Ignore transforming class for className is null loader:sun.misc.Launcher$ExtClassLoader@3108bc 
2024-10-29 15:16:48 WARN JavaFX Application Thread - Ignore transforming class for className is null loader:sun.misc.Launcher$ExtClassLoader@3108bc 
2024-10-29 15:16:48 WARN JavaFX Application Thread - Ignore transforming class for className is null loader:sun.misc.Launcher$ExtClassLoader@3108bc 
2024-10-29 15:16:48 WARN JavaFX Application Thread - Ignore transforming class for className is null loader:sun.misc.Launcher$ExtClassLoader@3108bc 
2024-10-29 15:16:48 WARN JavaFX Application Thread - Ignore transforming class for className is null loader:sun.misc.Launcher$ExtClassLoader@3108bc 
2024-10-29 15:16:48 WARN JavaFX Application Thread - Ignore transforming class for className is null loader:sun.misc.Launcher$ExtClassLoader@3108bc 
2024-10-29 15:16:48 WARN JavaFX Application Thread - Ignore transforming class for className is null loader:sun.misc.Launcher$ExtClassLoader@3108bc 
2024-10-29 15:16:48 WARN JavaFX Application Thread - Ignore transforming class for className is null loader:sun.misc.Launcher$ExtClassLoader@3108bc 
2024-10-29 15:16:48 WARN JavaFX Application Thread - Ignore transforming class for className is null loader:sun.misc.Launcher$ExtClassLoader@3108bc 
2024-10-29 15:16:48 WARN JavaFX Application Thread - Ignore transforming class for className is null loader:sun.misc.Launcher$ExtClassLoader@3108bc 
2024-10-29 15:16:48 WARN JavaFX Application Thread - Ignore transforming class for className is null loader:sun.misc.Launcher$ExtClassLoader@3108bc 
2024-10-29 15:16:48 WARN JavaFX Application Thread - Ignore transforming class for className is null loader:sun.misc.Launcher$ExtClassLoader@3108bc 
2024-10-29 15:16:48 WARN JavaFX Application Thread - Ignore transforming class for className is null loader:sun.misc.Launcher$ExtClassLoader@3108bc 
2024-10-29 15:16:48 WARN JavaFX Application Thread - Ignore transforming class for className is null loader:sun.misc.Launcher$ExtClassLoader@3108bc 
2024-10-29 15:16:48 WARN JavaFX Application Thread - Ignore transforming class for className is null loader:sun.misc.Launcher$ExtClassLoader@3108bc 
2024-10-29 15:16:48 WARN JavaFX Application Thread - Ignore transforming class for className is null loader:sun.misc.Launcher$ExtClassLoader@3108bc 
2024-10-29 15:16:48 WARN JavaFX Application Thread - Ignore transforming class for className is null loader:sun.misc.Launcher$ExtClassLoader@3108bc 
2024-10-29 15:16:48 WARN JavaFX Application Thread - Ignore transforming class for className is null loader:sun.misc.Launcher$ExtClassLoader@3108bc 
2024-10-29 15:16:48 WARN JavaFX Application Thread - Ignore transforming class for className is null loader:sun.misc.Launcher$ExtClassLoader@3108bc 
2024-10-29 15:16:48 WARN JavaFX Application Thread - Ignore transforming class for className is null loader:sun.misc.Launcher$ExtClassLoader@3108bc 
2024-10-29 15:16:48 WARN JavaFX Application Thread - Ignore transforming class for className is null loader:sun.misc.Launcher$ExtClassLoader@3108bc 
2024-10-29 15:16:48 WARN JavaFX Application Thread - Ignore transforming class for className is null loader:sun.misc.Launcher$ExtClassLoader@3108bc 
2024-10-29 15:16:48 WARN JavaFX Application Thread - Ignore transforming class for className is null loader:sun.misc.Launcher$ExtClassLoader@3108bc 
2024-10-29 15:16:48 WARN JavaFX Application Thread - Ignore transforming class for className is null loader:sun.misc.Launcher$ExtClassLoader@3108bc 
2024-10-29 15:16:48 WARN JavaFX Application Thread - Ignore transforming class for className is null loader:sun.misc.Launcher$ExtClassLoader@3108bc 
2024-10-29 15:16:48 WARN JavaFX Application Thread - Ignore transforming class for className is null loader:sun.misc.Launcher$ExtClassLoader@3108bc 
2024-10-29 15:16:48 WARN JavaFX Application Thread - Ignore transforming class for className is null loader:sun.misc.Launcher$ExtClassLoader@3108bc 
2024-10-29 15:16:48 WARN JavaFX Application Thread - Ignore transforming class for className is null loader:sun.misc.Launcher$ExtClassLoader@3108bc 
2024-10-29 15:16:48 WARN JavaFX Application Thread - Ignore transforming class for className is null loader:sun.misc.Launcher$ExtClassLoader@3108bc 
2024-10-29 15:16:48 WARN JavaFX Application Thread - Ignore transforming class for className is null loader:sun.misc.Launcher$ExtClassLoader@3108bc 
2024-10-29 15:16:48 WARN JavaFX Application Thread - Ignore transforming class for className is null loader:sun.misc.Launcher$ExtClassLoader@3108bc 
2024-10-29 15:16:48 WARN JavaFX Application Thread - Ignore transforming class for className is null loader:sun.misc.Launcher$ExtClassLoader@3108bc 
2024-10-29 15:16:48 WARN JavaFX Application Thread - Ignore transforming class for className is null loader:null 
2024-10-29 15:16:48 WARN JavaFX Application Thread - Ignore transforming class for className is null loader:sun.misc.Launcher$ExtClassLoader@3108bc 
2024-10-29 15:16:48 WARN JavaFX Application Thread - Ignore transforming class for className is null loader:null 
2024-10-29 15:16:48 WARN JavaFX Application Thread - Ignore transforming class for className is null loader:null 
2024-10-29 15:16:48 WARN JavaFX Application Thread - Ignore transforming class for className is null loader:null 
2024-10-29 15:16:48 WARN JavaFX Application Thread - Ignore transforming class for className is null loader:sun.misc.Launcher$ExtClassLoader@3108bc 
2024-10-29 15:16:48 WARN JavaFX Application Thread - Ignore transforming class for className is null loader:sun.misc.Launcher$ExtClassLoader@3108bc 
2024-10-29 15:16:48 WARN JavaFX Application Thread - Ignore transforming class for className is null loader:sun.misc.Launcher$ExtClassLoader@3108bc 
2024-10-29 15:16:48 WARN QuantumRenderer-0 - Ignore transforming class for className is null loader:null 
2024-10-29 15:16:48 WARN QuantumRenderer-0 - Ignore transforming class for className is null loader:sun.misc.Launcher$ExtClassLoader@3108bc 
2024-10-29 15:16:48 WARN QuantumRenderer-0 - Ignore transforming class for className is null loader:sun.misc.Launcher$ExtClassLoader@3108bc 
2024-10-29 15:16:49 WARN JavaFX Application Thread - Ignore transforming class for className is null loader:sun.misc.Launcher$ExtClassLoader@3108bc 
2024-10-29 15:16:49 WARN JavaFX Application Thread - Ignore transforming class for className is null loader:sun.misc.Launcher$ExtClassLoader@3108bc 
2024-10-29 15:16:51 WARN JavaFX Application Thread - Ignore transforming class for className is null loader:sun.misc.Launcher$ExtClassLoader@3108bc 
2024-10-29 15:16:51 WARN JavaFX Application Thread - Ignore transforming class for className is null loader:sun.misc.Launcher$ExtClassLoader@3108bc 
2024-10-29 15:16:51 WARN JavaFX-Launcher - Ignore transforming class for className is null loader:sun.misc.Launcher$ExtClassLoader@3108bc 
2024-10-29 15:16:51 WARN JavaFX Application Thread - Ignore transforming class for className is null loader:sun.misc.Launcher$AppClassLoader@18b4aac2 
2024-10-29 15:16:51 WARN JavaFX Application Thread - Ignore transforming class for className is null loader:sun.misc.Launcher$AppClassLoader@18b4aac2 
2024-10-29 15:16:51 WARN JavaFX-Launcher - Ignore transforming class for className is null loader:sun.misc.Launcher$ExtClassLoader@3108bc 
2024-10-29 15:16:51 WARN JavaFX-Launcher - Ignore transforming class for className is null loader:sun.misc.Launcher$ExtClassLoader@3108bc 
2024-10-29 15:16:51 WARN JavaFX Application Thread - Ignore transforming class for className is null loader:sun.misc.Launcher$ExtClassLoader@3108bc 
2024-10-29 15:16:51 WARN JavaFX Application Thread - Ignore transforming class for className is null loader:sun.misc.Launcher$ExtClassLoader@3108bc 
2024-10-29 15:16:51 WARN JavaFX Application Thread - Ignore transforming class for className is null loader:sun.misc.Launcher$ExtClassLoader@3108bc 
2024-10-29 15:16:51 WARN Thread-1 - Graceful shutdown..., metrics a:6809	b:15	c:69265	d:181	e:0	f:92475	g:2072	h:3254	i:16086	j:178	k:207	
